<?xml version="1.0" encoding="UTF-8"?>
<!-- Generated by org.testng.reporters.JUnitReportReporter -->
<testsuite hostname="DESKTOP-50ERBGQ" failures="0" tests="1" name="learnrestbasics.SumValidation" time="1.161" errors="0" timestamp="2023-01-29T10:46:53 IST" skipped="0">
  <testcase classname="learnrestbasics.SumValidation" name="SumOfCoursePeice" time="1.161"/>
  <system-out/>
</testsuite> <!-- learnrestbasics.SumValidation -->
